<?xml version="1.0" encoding="UTF-8"?>
<!-- Generated by org.testng.reporters.JUnitReportReporter -->
<testsuite skipped="0" hostname="DESKTOP-ECSMUSF" name="xClubsys.PaymentHistory" tests="2" failures="0" timestamp="01 八月 2019 08:28:21 GMT" time="39.340" errors="0">
  <testcase name="PaymentHistory_NewPayment" time="5.979" classname="xClubsys.PaymentHistory"/>
  <testcase name="PaymentHistory" time="33.361" classname="xClubsys.PaymentHistory"/>
</testsuite> <!-- xClubsys.PaymentHistory -->
