<?xml version="1.0" encoding="UTF-8"?>
<!-- Generated by org.testng.reporters.JUnitReportReporter -->
<testsuite skipped="0" hostname="DESKTOP-ECSMUSF" name="xClubsys.LostCardReplacement" tests="2" failures="0" timestamp="07 八月 2019 10:08:16 GMT" time="9.091" errors="0">
  <testcase name="CardReplacement" time="6.183" classname="xClubsys.LostCardReplacement"/>
  <testcase name="CardReplacementHistory" time="2.908" classname="xClubsys.LostCardReplacement"/>
</testsuite> <!-- xClubsys.LostCardReplacement -->
