<?xml version="1.0" encoding="UTF-8"?>
<!-- Generated by org.testng.reporters.JUnitReportReporter -->
<testsuite skipped="0" hostname="DESKTOP-ECSMUSF" name="xClubsys.DebitNoteModule" tests="3" failures="0" timestamp="25 七月 2019 03:24:25 GMT" time="93.438" errors="0">
  <testcase name="DebitNoteModule" time="51.955" classname="xClubsys.DebitNoteModule"/>
  <testcase name="DebitNote_NewDebitNote" time="11.391" classname="xClubsys.DebitNoteModule"/>
  <testcase name="DebitNote_BatchImport_Page" time="30.092" classname="xClubsys.DebitNoteModule"/>
</testsuite> <!-- xClubsys.DebitNoteModule -->
