<?xml version="1.0" encoding="UTF-8"?>
<!-- Generated by org.testng.reporters.JUnitReportReporter -->
<testsuite skipped="0" hostname="DESKTOP-ECSMUSF" name="xClubsys.BankPayment" tests="1" failures="0" timestamp="30 七月 2019 09:30:57 GMT" time="3.094" errors="0">
  <testcase name="BankPayment" time="3.094" classname="xClubsys.BankPayment"/>
</testsuite> <!-- xClubsys.BankPayment -->
