<?xml version="1.0" encoding="UTF-8"?>
<!-- Generated by org.testng.reporters.JUnitReportReporter -->
<testsuite skipped="0" hostname="DESKTOP-ECSMUSF" name="xClubsys.Instalment" tests="1" failures="0" timestamp="25 七月 2019 03:49:59 GMT" time="0.471" errors="0">
  <testcase name="Instalment" time="0.471" classname="xClubsys.Instalment"/>
</testsuite> <!-- xClubsys.Instalment -->
