<?xml version="1.0" encoding="UTF-8"?>
<!-- Generated by org.testng.reporters.JUnitReportReporter -->
<testsuite skipped="0" hostname="DESKTOP-ECSMUSF" name="xClubsys.PaymentHistory" tests="1" failures="0" timestamp="25 七月 2019 04:07:40 GMT" time="22.901" errors="0">
  <testcase name="PaymentHistory" time="22.901" classname="xClubsys.PaymentHistory"/>
</testsuite> <!-- xClubsys.PaymentHistory -->
