<?xml version="1.0" encoding="UTF-8"?>
<!-- Generated by org.testng.reporters.JUnitReportReporter -->
<testsuite skipped="0" hostname="DESKTOP-ECSMUSF" name="xClubsys.AbsentMember" tests="2" failures="0" timestamp="07 八月 2019 09:40:07 GMT" time="17.226" errors="0">
  <testcase name="AbsentMemberHistory" time="10.917" classname="xClubsys.AbsentMember"/>
  <testcase name="CreateAbsentMember" time="6.309" classname="xClubsys.AbsentMember"/>
</testsuite> <!-- xClubsys.AbsentMember -->
