<?xml version="1.0" encoding="UTF-8"?>
<!-- Generated by org.testng.reporters.JUnitReportReporter -->
<testsuite skipped="0" hostname="DESKTOP-ECSMUSF" name="xClubsys.JournalEntries" tests="3" failures="0" timestamp="02 八月 2019 06:56:33 GMT" time="46.175" errors="0">
  <testcase name="NewJournalEntries" time="6.381" classname="xClubsys.JournalEntries"/>
  <testcase name="JournalEntries" time="22.219" classname="xClubsys.JournalEntries"/>
  <testcase name="JournalItems" time="17.575" classname="xClubsys.JournalEntries"/>
</testsuite> <!-- xClubsys.JournalEntries -->
