<?xml version="1.0" encoding="UTF-8"?>
<!-- Generated by org.testng.reporters.JUnitReportReporter -->
<testsuite skipped="0" hostname="DESKTOP-ECSMUSF" name="xClubsys.IDChange" tests="2" failures="0" timestamp="07 八月 2019 08:32:27 GMT" time="10.562" errors="0">
  <testcase name="MemberIdChange" time="5.849" classname="xClubsys.IDChange"/>
  <testcase name="ChangeMemberID" time="4.713" classname="xClubsys.IDChange"/>
</testsuite> <!-- xClubsys.IDChange -->
