<?xml version="1.0" encoding="UTF-8"?>
<!-- Generated by org.testng.reporters.JUnitReportReporter -->
<testsuite skipped="0" hostname="DESKTOP-ECSMUSF" name="xClubsys.CardPrintingFilePackage" tests="1" failures="0" timestamp="06 八月 2019 09:02:35 GMT" time="11.983" errors="0">
  <testcase name="CardPrintingFilePackage" time="11.983" classname="xClubsys.CardPrintingFilePackage"/>
</testsuite> <!-- xClubsys.CardPrintingFilePackage -->
