<?xml version="1.0" encoding="UTF-8"?>
<!-- Generated by org.testng.reporters.JUnitReportReporter -->
<testsuite skipped="0" hostname="DESKTOP-ECSMUSF" name="xClubsys.MemberSubscriptionFee" tests="1" failures="0" timestamp="25 七月 2019 04:06:28 GMT" time="10.948" errors="0">
  <testcase name="MemberSubscriptionFee" time="10.948" classname="xClubsys.MemberSubscriptionFee"/>
</testsuite> <!-- xClubsys.MemberSubscriptionFee -->
