<?xml version="1.0" encoding="UTF-8"?>
<!-- Generated by org.testng.reporters.JUnitReportReporter -->
<testsuite skipped="0" hostname="DESKTOP-ECSMUSF" name="xClubsys.StatementEnquiry" tests="2" failures="0" timestamp="01 八月 2019 09:12:57 GMT" time="12.150" errors="0">
  <testcase name="StatementEnquiry_StatementsSetting" time="6.018" classname="xClubsys.StatementEnquiry"/>
  <testcase name="StatementEnquiry" time="6.132" classname="xClubsys.StatementEnquiry"/>
</testsuite> <!-- xClubsys.StatementEnquiry -->
