<?xml version="1.0" encoding="UTF-8"?>
<!-- Generated by org.testng.reporters.JUnitReportReporter -->
<testsuite skipped="0" hostname="DESKTOP-ECSMUSF" name="xClubsys.RepeatingDebitNote" tests="2" failures="0" timestamp="07 八月 2019 06:57:05 GMT" time="20.769" errors="0">
  <testcase name="RepeatingDebitNote_NewRepeatingDebitNote" time="6.353" classname="xClubsys.RepeatingDebitNote"/>
  <testcase name="RepeatingDebitNote" time="14.416" classname="xClubsys.RepeatingDebitNote"/>
</testsuite> <!-- xClubsys.RepeatingDebitNote -->
