<?xml version="1.0" encoding="UTF-8"?>
<!-- Generated by org.testng.reporters.JUnitReportReporter -->
<testsuite skipped="0" hostname="DESKTOP-ECSMUSF" name="xClubsys.CreditNote" tests="3" failures="0" timestamp="31 七月 2019 07:00:23 GMT" time="44.134" errors="0">
  <testcase name="CreditNote_NewCreaditNote" time="11.505" classname="xClubsys.CreditNote"/>
  <testcase name="CreditNote_BatchImport_Page" time="5.655" classname="xClubsys.CreditNote"/>
  <testcase name="CreditNote" time="26.974" classname="xClubsys.CreditNote"/>
</testsuite> <!-- xClubsys.CreditNote -->
