<?xml version="1.0" encoding="UTF-8"?>
<!-- Generated by org.testng.reporters.JUnitReportReporter -->
<testsuite skipped="0" hostname="DESKTOP-ECSMUSF" name="xClubsys.RefundableDeposit" tests="2" failures="0" timestamp="31 七月 2019 07:15:27 GMT" time="11.634" errors="0">
  <testcase name="RefundableDeposit_AdjustmentRefundableDeposit" time="5.948" classname="xClubsys.RefundableDeposit"/>
  <testcase name="RefundableDeposit" time="5.686" classname="xClubsys.RefundableDeposit"/>
</testsuite> <!-- xClubsys.RefundableDeposit -->
