<?xml version="1.0" encoding="UTF-8"?>
<!-- Generated by org.testng.reporters.JUnitReportReporter -->
<testsuite skipped="0" hostname="DESKTOP-ECSMUSF" name="xClubsys.StatusChange" tests="2" failures="0" timestamp="07 八月 2019 08:50:44 GMT" time="8.253" errors="0">
  <testcase name="MembershipStatusChangeList" time="2.439" classname="xClubsys.StatusChange"/>
  <testcase name="MembershipStatusChange" time="5.814" classname="xClubsys.StatusChange"/>
</testsuite> <!-- xClubsys.StatusChange -->
