<?xml version="1.0" encoding="UTF-8"?>
<!-- Generated by org.testng.reporters.JUnitReportReporter -->
<testsuite skipped="0" hostname="DESKTOP-ECSMUSF" name="xClubsys.Conversion" tests="2" failures="0" timestamp="07 八月 2019 08:09:33 GMT" time="12.112" errors="0">
  <testcase name="MembershipConversionHistory" time="5.839" classname="xClubsys.Conversion"/>
  <testcase name="NewMembershipConversion" time="6.273" classname="xClubsys.Conversion"/>
</testsuite> <!-- xClubsys.Conversion -->
