<?xml version="1.0" encoding="UTF-8"?>
<!-- Generated by org.testng.reporters.JUnitReportReporter -->
<testsuite skipped="0" hostname="DESKTOP-ECSMUSF" name="xClubsys.Member" tests="1" failures="0" timestamp="05 八月 2019 10:04:37 GMT" time="30.477" errors="0">
  <testcase name="Newmember" time="30.477" classname="xClubsys.Member"/>
</testsuite> <!-- xClubsys.Member -->
