<?xml version="1.0" encoding="UTF-8"?>
<!-- Generated by org.testng.reporters.JUnitReportReporter -->
<testsuite skipped="0" hostname="DESKTOP-ECSMUSF" name="xClubsys.Reporting" tests="3" failures="0" timestamp="02 八月 2019 07:57:09 GMT" time="17.600" errors="0">
  <testcase name="TrialBalance" time="5.979" classname="xClubsys.Reporting"/>
  <testcase name="GeneralLedgerReport" time="5.799" classname="xClubsys.Reporting"/>
  <testcase name="FinancialReports" time="5.822" classname="xClubsys.Reporting"/>
</testsuite> <!-- xClubsys.Reporting -->
