<?xml version="1.0" encoding="UTF-8"?>
<!-- Generated by org.testng.reporters.JUnitReportReporter -->
<testsuite skipped="0" hostname="DESKTOP-ECSMUSF" name="xClubsys.BankPayment" tests="1" failures="0" timestamp="25 七月 2019 02:28:08 GMT" time="8.669" errors="0">
  <testcase name="BankPayment" time="8.669" classname="xClubsys.BankPayment"/>
</testsuite> <!-- xClubsys.BankPayment -->
