<?xml version="1.0" encoding="UTF-8"?>
<!-- Generated by org.testng.reporters.JUnitReportReporter -->
<testsuite skipped="0" hostname="DESKTOP-ECSMUSF" name="xClubsys.RefundTransactions" tests="1" failures="0" timestamp="01 八月 2019 08:32:39 GMT" time="26.853" errors="0">
  <testcase name="RefundTransactions" time="26.853" classname="xClubsys.RefundTransactions"/>
</testsuite> <!-- xClubsys.RefundTransactions -->
