<?xml version="1.0" encoding="UTF-8"?>
<!-- Generated by org.testng.reporters.JUnitReportReporter -->
<testsuite skipped="0" hostname="DESKTOP-ECSMUSF" name="xClubsys.MemberSubscriptionFee" tests="2" failures="0" timestamp="02 八月 2019 07:55:42 GMT" time="25.439" errors="0">
  <testcase name="MemberSubscriptionFee" time="19.444" classname="xClubsys.MemberSubscriptionFee"/>
  <testcase name="MemberSubscriptionFee_PostSubscriptionFee" time="5.995" classname="xClubsys.MemberSubscriptionFee"/>
</testsuite> <!-- xClubsys.MemberSubscriptionFee -->
