<?xml version="1.0" encoding="UTF-8"?>
<!-- Generated by org.testng.reporters.JUnitReportReporter -->
<testsuite skipped="0" hostname="DESKTOP-ECSMUSF" name="xClubsys.PaymentHistory" tests="1" failures="0" timestamp="24 七月 2019 09:28:25 GMT" time="28.043" errors="0">
  <testcase name="PaymentHistory" time="28.043" classname="xClubsys.PaymentHistory"/>
</testsuite> <!-- xClubsys.PaymentHistory -->
