<?xml version="1.0" encoding="UTF-8"?>
<!-- Generated by org.testng.reporters.JUnitReportReporter -->
<testsuite skipped="0" hostname="DESKTOP-ECSMUSF" name="xClubsys.BankPayment" tests="1" failures="0" timestamp="24 七月 2019 09:28:25 GMT" time="8.563" errors="0">
  <testcase name="BankPayment" time="8.563" classname="xClubsys.BankPayment"/>
</testsuite> <!-- xClubsys.BankPayment -->
