<?xml version="1.0" encoding="UTF-8"?>
<!-- Generated by org.testng.reporters.JUnitReportReporter -->
<testsuite skipped="0" hostname="DESKTOP-ECSMUSF" name="xClubsys.BankPayment" tests="2" failures="0" timestamp="24 七月 2019 08:05:08 GMT" time="27.858" errors="0">
  <testcase name="setUp" time="19.221" classname="xClubsys.BankPayment"/>
  <testcase name="BankPayment" time="8.637" classname="xClubsys.BankPayment"/>
</testsuite> <!-- xClubsys.BankPayment -->
