<?xml version="1.0" encoding="UTF-8"?>
<!-- Generated by org.testng.reporters.JUnitReportReporter -->
<testsuite skipped="0" hostname="DESKTOP-ECSMUSF" name="xClubsys.StatementEnquiry" tests="1" failures="0" timestamp="24 七月 2019 09:28:25 GMT" time="23.633" errors="0">
  <testcase name="StatementEnquiry" time="23.633" classname="xClubsys.StatementEnquiry"/>
</testsuite> <!-- xClubsys.StatementEnquiry -->
